<?xml version="1.0" encoding="UTF-8"?>
<!-- Generated by org.testng.reporters.JUnitReportReporter -->
<testsuite hostname="DESKTOP-S9TF1KV" name="samplePkg.FirstScript" tests="1" failures="0" timestamp="28 Sep 2017 16:59:03 GMT" time="20.165" errors="0">
  <testcase name="script" time="20.165" classname="samplePkg.FirstScript"/>
</testsuite> <!-- samplePkg.FirstScript -->
